2020-11-13 14:10:49,713 root            INFO     Inicio main script
2020-11-13 14:12:19,776 root            INFO     [2020-11-13 14:12:19.776536] Chequeo archivo origen encontrado [True=1,False=0]: 1
2020-11-13 14:13:18,820 root            INFO     función f_parsear_inventario ejecutada C:/Users/e066446/Documents/GitHub/proyecto_zabbix/PLN245_parseado.csv con 2656545 lineas
2020-11-13 14:13:18,822 root            ERROR    Error: Archivo no Existe.
2020-11-13 14:13:18,825 root            INFO     [2020-11-13 14:13:18.825452] Se terminó el parseo del arhivo: C:/Users/e066446/Documents/GitHub/proyecto_zabbix/PLN245_procesado.TXT
2020-11-13 14:13:18,841 root            INFO     Se renombro el arhivo C:/Users/e066446/Documents/GitHub/proyecto_zabbix/PLN245_procesado.TXT en el arhivo C:/Users/e066446/Documents/GitHub/proyecto_zabbix/PLN245_procesado.old.TXT
2020-11-13 15:01:05,668 root            INFO     Inicio main script
2020-11-13 15:02:05,695 root            INFO     ==============================================================================================
2020-11-13 15:02:05,695 root            INFO     |                             SE INICIALIZO PROCESO                                           |
2020-11-13 15:02:05,697 root            INFO     ==============================================================================================


2020-11-13 15:02:05,725 root            INFO      Se Encontró un nuevo archivo : C:/Users/e066446/Documents/GitHub/proyecto_zabbix/PLN245_procesado.TXT
2020-11-13 15:02:05,727 root            INFO     [2020-11-13 15:02:05.727428] Chequeo archivo origen encontrado [True=1,False=0]: 1
2020-11-13 15:03:04,654 root            INFO     función f_parsear_inventario ejecutada C:/Users/e066446/Documents/GitHub/proyecto_zabbix/PLN245_parseado.csv con 2656545 lineas
2020-11-13 15:03:04,659 root            ERROR    Error: Archivo no Existe. C:/Users/e066446/Documents/GitHub/proyecto_zabbix/PLN245_procesado.old.TXT
2020-11-13 15:03:04,660 root            INFO     [2020-11-13 15:03:04.660744] Se terminó el parseo del arhivo: C:/Users/e066446/Documents/GitHub/proyecto_zabbix/PLN245_procesado.TXT
2020-11-13 15:03:04,679 root            INFO     Se renombro el arhivo C:/Users/e066446/Documents/GitHub/proyecto_zabbix/PLN245_procesado.TXT en el arhivo C:/Users/e066446/Documents/GitHub/proyecto_zabbix/PLN245_procesado.old.TXT
2020-11-13 15:04:57,173 root            INFO     Inicio main script
2020-11-13 15:05:27,177 root            INFO     ==============================================================================================
2020-11-13 15:05:27,177 root            INFO     |                             SE INICIALIZO PROCESO                                           |
2020-11-13 15:05:27,179 root            INFO     ==============================================================================================


2020-11-13 15:05:27,207 root            INFO      Se Encontró un nuevo archivo : C:/Users/e066446/Documents/GitHub/proyecto_zabbix/PLN245_procesado.TXT
2020-11-13 15:05:27,208 root            INFO     [2020-11-13 15:05:27.208516] Chequeo archivo origen encontrado [True=1,False=0]: C:/Users/e066446/Documents/GitHub/proyecto_zabbix/PLN245_procesado.TXT
2020-11-13 15:06:25,261 root            INFO     función f_parsear_inventario ejecutada C:/Users/e066446/Documents/GitHub/proyecto_zabbix/PLN245_parseado.csv con 2656545 lineas
2020-11-13 15:06:25,273 root            ERROR    Error: Archivo no Existe. C:/Users/e066446/Documents/GitHub/proyecto_zabbix/PLN245_procesado.old.TXT
2020-11-13 15:06:25,274 root            INFO     [2020-11-13 15:06:25.274027] Se terminó el parseo del arhivo: C:/Users/e066446/Documents/GitHub/proyecto_zabbix/PLN245_procesado.TXT
2020-11-13 15:06:25,293 root            INFO     Se renombro el arhivo C:/Users/e066446/Documents/GitHub/proyecto_zabbix/PLN245_procesado.TXT en el arhivo C:/Users/e066446/Documents/GitHub/proyecto_zabbix/PLN245_procesado.old.TXT
2020-11-13 15:07:26,655 root            INFO     Inicio main script
2020-11-13 15:07:56,677 root            INFO     ==============================================================================================
2020-11-13 15:07:56,677 root            INFO     |                             SE INICIALIZO PROCESO                                           |
2020-11-13 15:07:56,679 root            INFO     ==============================================================================================


2020-11-13 15:07:56,704 root            INFO      Se Encontró un nuevo archivo : C:/Users/e066446/Documents/GitHub/proyecto_zabbix/PLN245_procesado.TXT
2020-11-13 15:07:56,705 root            INFO     [2020-11-13 15:07:56.705088] Chequeo archivo origen encontrado [True=1,False=0]: C:/Users/e066446/Documents/GitHub/proyecto_zabbix/PLN245_procesado.TXT
2020-11-13 15:08:54,630 root            INFO     función f_parsear_inventario ejecutada C:/Users/e066446/Documents/GitHub/proyecto_zabbix/PLN245_parseado.csv con 2656545 lineas
2020-11-13 15:08:54,636 root            ERROR    Error 23: Archivo no Existe. C:/Users/e066446/Documents/GitHub/proyecto_zabbix/PLN245_procesado.old.TXT
2020-11-13 15:08:54,637 root            INFO     [2020-11-13 15:08:54.637232] Se terminó el parseo del arhivo: C:/Users/e066446/Documents/GitHub/proyecto_zabbix/PLN245_procesado.TXT
2020-11-13 15:08:54,657 root            INFO     Se renombro el arhivo C:/Users/e066446/Documents/GitHub/proyecto_zabbix/PLN245_procesado.TXT en el arhivo C:/Users/e066446/Documents/GitHub/proyecto_zabbix/PLN245_procesado.old.TXT
2020-11-13 15:09:04,825 root            INFO      Connected to DB: borrar_t_reporte_puertos_telelink
2020-11-13 15:09:06,241 root            INFO      Succuessfully loaded: 0 affected rows 
2020-11-13 15:09:16,287 root            INFO      Connected to DB: Cargar reporte telelink CSV paresado
2020-11-13 15:09:50,794 root            INFO      Succuessfully loaded: 2656799 affected rows 
2020-11-13 15:10:00,829 root            INFO      Connected to DB: Borrado_t_id_nodo_slot_puerto
2020-11-13 15:10:00,889 root            INFO      Succuessfully loaded: 0 affected rows 
2020-11-13 15:10:10,920 root            INFO      Connected to DB: Borrado_t_wf_puerto
2020-11-13 15:10:10,978 root            INFO      Succuessfully loaded: 0 affected rows 
2020-11-13 15:10:20,996 root            INFO      Connected to DB: Borrado_t_datos_puerto
2020-11-13 15:10:21,062 root            INFO      Succuessfully loaded: 0 affected rows 
2020-11-13 15:10:31,096 root            INFO      Connected to DB: Borrado_t_empresariales_puerto
2020-11-13 15:10:31,139 root            INFO      Succuessfully loaded: 0 affected rows 
2020-11-13 15:10:41,168 root            INFO      Connected to DB: Borrado_t_rbs_puerto
2020-11-13 15:10:41,199 root            INFO      Succuessfully loaded: 0 affected rows 
2020-11-13 15:10:51,223 root            INFO      Connected to DB: Borrado_t_resumen
2020-11-13 15:10:51,273 root            INFO      Succuessfully loaded: 0 affected rows 
2020-11-13 15:11:01,302 root            INFO      Connected to DB: Carga tabal t_id_nodo_slot_puerto
2020-11-13 15:11:08,158 root            INFO      Succuessfully loaded: 82601 affected rows 
2020-11-13 15:11:18,206 root            INFO      Connected to DB: Carga cantidad wf por puerto
2020-11-13 15:11:24,622 root            INFO      Succuessfully loaded: 64283 affected rows 
2020-11-13 15:11:34,659 root            INFO      Connected to DB: Carga cantidad servicios de datos por puerto
2020-11-13 15:11:41,150 root            INFO      Succuessfully loaded: 64232 affected rows 
2020-11-13 15:11:51,193 root            INFO      Connected to DB: Carga cantidad servicios empresariales por puerto
2020-11-13 15:11:57,053 root            INFO      Succuessfully loaded: 11564 affected rows 
2020-11-13 15:12:07,093 root            INFO      Connected to DB: Carga cantidad radiobases por puerto
2020-11-13 15:12:12,673 root            INFO      Succuessfully loaded: 295 affected rows 
2020-11-13 15:12:22,722 root            INFO      Connected to DB: llenado tabla resuemen servicios por it_tlk
2020-11-13 15:12:24,896 root            INFO      Succuessfully loaded: 82601 affected rows 
2020-11-13 15:12:24,914 root            INFO     Se termino de cargar BD 
2020-11-13 15:12:24,935 root            INFO     

==============================================================================================
2020-11-13 15:12:24,937 root            INFO     |                             SE FINALZÓ PROCESO                                                   |
2020-11-13 15:12:24,938 root            INFO     ==============================================================================================


